0 info it worked if it ends with ok
1 verbose cli [ '/usr/bin/nodejs', '/usr/bin/npm', 'run', 'magic' ]
2 info using npm@3.10.10
3 info using node@v6.11.2
4 verbose run-script [ 'premagic', 'magic', 'postmagic' ]
5 info lifecycle libro-amparo@0.0.0~premagic: libro-amparo@0.0.0
6 silly lifecycle libro-amparo@0.0.0~premagic: no script for premagic, continuing
7 info lifecycle libro-amparo@0.0.0~magic: libro-amparo@0.0.0
8 verbose lifecycle libro-amparo@0.0.0~magic: unsafe-perm in lifecycle true
9 verbose lifecycle libro-amparo@0.0.0~magic: PATH: /usr/lib/node_modules/npm/bin/node-gyp-bin:/home/jpachecov/Proyectos/libroAmparoPracticas/node_modules/.bin:/usr/local/sbin:/usr/local/bin:/usr/sbin:/usr/bin:/sbin:/bin:/snap/bin
10 verbose lifecycle libro-amparo@0.0.0~magic: CWD: /home/jpachecov/Proyectos/libroAmparoPracticas
11 silly lifecycle libro-amparo@0.0.0~magic: Args: [ '-c', 'npm install && ng build --aot -prod && node app.js' ]
12 silly lifecycle libro-amparo@0.0.0~magic: Returned: code: 1  signal: null
13 info lifecycle libro-amparo@0.0.0~magic: Failed to exec magic script
14 verbose stack Error: libro-amparo@0.0.0 magic: `npm install && ng build --aot -prod && node app.js`
14 verbose stack Exit status 1
14 verbose stack     at EventEmitter.<anonymous> (/usr/lib/node_modules/npm/lib/utils/lifecycle.js:255:16)
14 verbose stack     at emitTwo (events.js:106:13)
14 verbose stack     at EventEmitter.emit (events.js:191:7)
14 verbose stack     at ChildProcess.<anonymous> (/usr/lib/node_modules/npm/lib/utils/spawn.js:40:14)
14 verbose stack     at emitTwo (events.js:106:13)
14 verbose stack     at ChildProcess.emit (events.js:191:7)
14 verbose stack     at maybeClose (internal/child_process.js:891:16)
14 verbose stack     at Process.ChildProcess._handle.onexit (internal/child_process.js:226:5)
15 verbose pkgid libro-amparo@0.0.0
16 verbose cwd /home/jpachecov/Proyectos/libroAmparoPracticas
17 error Linux 4.10.0-40-generic
18 error argv "/usr/bin/nodejs" "/usr/bin/npm" "run" "magic"
19 error node v6.11.2
20 error npm  v3.10.10
21 error code ELIFECYCLE
22 error libro-amparo@0.0.0 magic: `npm install && ng build --aot -prod && node app.js`
22 error Exit status 1
23 error Failed at the libro-amparo@0.0.0 magic script 'npm install && ng build --aot -prod && node app.js'.
23 error Make sure you have the latest version of node.js and npm installed.
23 error If you do, this is most likely a problem with the libro-amparo package,
23 error not with npm itself.
23 error Tell the author that this fails on your system:
23 error     npm install && ng build --aot -prod && node app.js
23 error You can get information on how to open an issue for this project with:
23 error     npm bugs libro-amparo
23 error Or if that isn't available, you can get their info via:
23 error     npm owner ls libro-amparo
23 error There is likely additional logging output above.
24 verbose exit [ 1, true ]
